<?xml version="1.0" encoding="UTF-8"?>
<!-- Generated by org.testng.reporters.JUnitXMLReporter -->
<testsuite ignored="0" hostname="DESKTOP-KN9NMDR" failures="1" tests="1" name="Sample_Test_Class" time="6.504" errors="0" timestamp="2022-02-27T19:07:43 IST">
  <testcase classname="uitests.SampleTestClass" name="testMethod on [SampleTestClass passed=0 failed=0 skipped=0]" time="0.017">
    <failure type="java.lang.NullPointerException" message="Cannot invoke &amp;quot;org.openqa.selenium.WebDriver.findElement(org.openqa.selenium.By)&amp;quot; because &amp;quot;this.driver&amp;quot; is null">
      <![CDATA[java.lang.NullPointerException: Cannot invoke "org.openqa.selenium.WebDriver.findElement(org.openqa.selenium.By)" because "this.driver" is null
at pages.google_search.search(google_search.java:14)
at uitests.SampleTestClass.testMethod(SampleTestClass.java:14)
at java.base/java.util.ArrayList.forEach(ArrayList.java:1511)
... Removed 27 stack frames]]>
    </failure>
  </testcase> <!-- testMethod on [SampleTestClass passed=0 failed=0 skipped=0] -->
</testsuite> <!-- Sample_Test_Class -->
