<?xml version="1.0" encoding="UTF-8"?>
<!-- Generated by org.testng.reporters.JUnitXMLReporter -->
<testsuite hostname="KrishnaRao-PC" name="Sample Test Class Windows7 Firefox 37.0.2" tests="1" failures="1" timestamp="2 Mar 2016 18:39:46 GMT" time="63.532" errors="0">
  <testcase name="@BeforeTest setUp" time="0.0" classname="uitests.SampleTestClass">
    <failure type="org.openqa.selenium.WebDriverException" message="Failed to connect to binary FirefoxBinary(C:\Program Files (x86)\Mozilla Firefox\firefox.exe) on port 7056; process output follows: 
 schema version preference to 16
1456943939726	addons.xpi	DEBUG	Notifying XPI shutdown observers
1456943939734	addons.manager	DEBUG	Async provider shutdown done
1456943941362	addons.manager	DEBUG	Loaded provider scope for resource://gre/modules/addons/XPIProvider.jsm: [&amp;quot;XPIProvider&amp;quot;]
1456943941366	addons.manager	DEBUG	Loaded provider scope for resource://gre/modules/LightweightThemeManager.jsm: [&amp;quot;LightweightThemeManager&amp;quot;]
1456943941372	addons.xpi	DEBUG	startup
1456943941376	addons.xpi	INFO	Mapping fxdriver@googlecode.com to C:\Users\KRISHN~1\AppData\Local\Temp\anonymous3058980383962080476webdriver-profile\extensions\fxdriver@googlecode.com
1456943941377	addons.xpi	DEBUG	Ignoring file entry whose name is not a valid add-on ID: C:\Users\KRISHN~1\AppData\Local\Temp\anonymous3058980383962080476webdriver-profile\extensions\webdriver-staging
1456943941379	addons.xpi	INFO	Mapping {972ce4c6-7e08-4474-a285-3208198ce6fd} to C:\Program Files (x86)\Mozilla Firefox\browser\extensions\{972ce4c6-7e08-4474-a285-3208198ce6fd}
1456943941380	addons.xpi	DEBUG	Skipping unavailable install location app-system-share
1456943941380	addons.xpi	DEBUG	Skipping unavailable install location app-system-local
1456943941381	addons.xpi	DEBUG	checkForChanges
1456943941383	addons.xpi	DEBUG	Loaded add-on state from prefs: {&amp;quot;app-profile&amp;quot;:{&amp;quot;fxdriver@googlecode.com&amp;quot;:{&amp;quot;d&amp;quot;:&amp;quot;C:\\Users\\KRISHN~1\\AppData\\Local\\Temp\\anonymous3058980383962080476webdriver-profile\\extensions\\fxdriver@googlecode.com&amp;quot;,&amp;quot;e&amp;quot;:true,&amp;quot;v&amp;quot;:&amp;quot;2.44.0&amp;quot;,&amp;quot;st&amp;quot;:1456943934910,&amp;quot;mt&amp;quot;:1456943934620}},&amp;quot;app-global&amp;quot;:{&amp;quot;{972ce4c6-7e08-4474-a285-3208198ce6fd}&amp;quot;:{&amp;quot;d&amp;quot;:&amp;quot;C:\\Program Files (x86)\\Mozilla Firefox\\browser\\extensions\\{972ce4c6-7e08-4474-a285-3208198ce6fd}&amp;quot;,&amp;quot;e&amp;quot;:true,&amp;quot;v&amp;quot;:&amp;quot;37.0.2&amp;quot;,&amp;quot;st&amp;quot;:1431254473947,&amp;quot;mt&amp;quot;:1431254473639}}}
1456943941385	addons.xpi	DEBUG	getModTime: Recursive scan of fxdriver@googlecode.com
1456943941418	addons.xpi	DEBUG	getModTime: Recursive scan of {972ce4c6-7e08-4474-a285-3208198ce6fd}
1456943941420	addons.xpi	DEBUG	getInstallState changed: false, state: {&amp;quot;app-profile&amp;quot;:{&amp;quot;fxdriver@googlecode.com&amp;quot;:{&amp;quot;d&amp;quot;:&amp;quot;C:\\Users\\KRISHN~1\\AppData\\Local\\Temp\\anonymous3058980383962080476webdriver-profile\\extensions\\fxdriver@googlecode.com&amp;quot;,&amp;quot;e&amp;quot;:true,&amp;quot;v&amp;quot;:&amp;quot;2.44.0&amp;quot;,&amp;quot;st&amp;quot;:1456943934910,&amp;quot;mt&amp;quot;:1456943934620}},&amp;quot;app-global&amp;quot;:{&amp;quot;{972ce4c6-7e08-4474-a285-3208198ce6fd}&amp;quot;:{&amp;quot;d&amp;quot;:&amp;quot;C:\\Program Files (x86)\\Mozilla Firefox\\browser\\extensions\\{972ce4c6-7e08-4474-a285-3208198ce6fd}&amp;quot;,&amp;quot;e&amp;quot;:true,&amp;quot;v&amp;quot;:&amp;quot;37.0.2&amp;quot;,&amp;quot;st&amp;quot;:1431254473947,&amp;quot;mt&amp;quot;:1431254473639}}}
1456943941424	addons.xpi	DEBUG	No changes found
1456943941432	addons.manager	DEBUG	Registering shutdown blocker for XPIProvider
1456943941433	addons.manager	DEBUG	Registering shutdown blocker for LightweightThemeManager
1456943941437	addons.manager	DEBUG	Registering shutdown blocker for GMPProvider
1456943941438	addons.manager	DEBUG	Registering shutdown blocker for PluginProvider
JavaScript error: file:///C:/Users/KRISHN~1/AppData/Local/Temp/anonymous3058980383962080476webdriver-profile/extensions/fxdriver@googlecode.com/components/driver-component.js, line 11487: TypeError: this.server_ is undefined
JavaScript error: chrome://fxdriver/content/server.js, line 38: NS_ERROR_XPC_CI_RETURNED_FAILURE: Component returned failure code: 0x80570015 (NS_ERROR_XPC_CI_RETURNED_FAILURE) [nsIJSCID.createInstance]
*** Blocklist::_preloadBlocklistFile: blocklist is disabled
1456943944705	addons.manager	DEBUG	Registering shutdown blocker for &amp;lt;unnamed-provider&amp;gt;
1456943959508	addons.manager	DEBUG	shutdown
1456943959510	addons.manager	DEBUG	Calling shutdown blocker for XPIProvider
1456943959510	addons.xpi	DEBUG	shutdown
1456943959511	addons.xpi	DEBUG	Notifying XPI shutdown observers
1456943959513	addons.manager	DEBUG	Calling shutdown blocker for LightweightThemeManager
1456943959514	addons.manager	DEBUG	Calling shutdown blocker for GMPProvider
1456943959517	addons.manager	DEBUG	Calling shutdown blocker for PluginProvider
1456943959518	addons.manager	DEBUG	Calling shutdown blocker for &amp;lt;unnamed-provider&amp;gt;
1456943959534	addons.manager	DEBUG	Async provider shutdown done

Build info: version: &amp;apos;2.44.0&amp;apos;, revision: &amp;apos;76d78cf323ce037c5f92db6c1bba601c2ac43ad8&amp;apos;, time: &amp;apos;2014-10-23 13:11:40&amp;apos;
System info: host: &amp;apos;KrishnaRao-PC&amp;apos;, ip: &amp;apos;192.168.43.134&amp;apos;, os.name: &amp;apos;Windows 7&amp;apos;, os.arch: &amp;apos;amd64&amp;apos;, os.version: &amp;apos;6.1&amp;apos;, java.version: &amp;apos;1.8.0_65&amp;apos;
Driver info: driver.version: FirefoxDriver">
      <![CDATA[org.openqa.selenium.WebDriverException: Failed to connect to binary FirefoxBinary(C:\Program Files (x86)\Mozilla Firefox\firefox.exe) on port 7056; process output follows: 
 schema version preference to 16
1456943939726	addons.xpi	DEBUG	Notifying XPI shutdown observers
1456943939734	addons.manager	DEBUG	Async provider shutdown done
1456943941362	addons.manager	DEBUG	Loaded provider scope for resource://gre/modules/addons/XPIProvider.jsm: ["XPIProvider"]
1456943941366	addons.manager	DEBUG	Loaded provider scope for resource://gre/modules/LightweightThemeManager.jsm: ["LightweightThemeManager"]
1456943941372	addons.xpi	DEBUG	startup
1456943941376	addons.xpi	INFO	Mapping fxdriver@googlecode.com to C:\Users\KRISHN~1\AppData\Local\Temp\anonymous3058980383962080476webdriver-profile\extensions\fxdriver@googlecode.com
1456943941377	addons.xpi	DEBUG	Ignoring file entry whose name is not a valid add-on ID: C:\Users\KRISHN~1\AppData\Local\Temp\anonymous3058980383962080476webdriver-profile\extensions\webdriver-staging
1456943941379	addons.xpi	INFO	Mapping {972ce4c6-7e08-4474-a285-3208198ce6fd} to C:\Program Files (x86)\Mozilla Firefox\browser\extensions\{972ce4c6-7e08-4474-a285-3208198ce6fd}
1456943941380	addons.xpi	DEBUG	Skipping unavailable install location app-system-share
1456943941380	addons.xpi	DEBUG	Skipping unavailable install location app-system-local
1456943941381	addons.xpi	DEBUG	checkForChanges
1456943941383	addons.xpi	DEBUG	Loaded add-on state from prefs: {"app-profile":{"fxdriver@googlecode.com":{"d":"C:\\Users\\KRISHN~1\\AppData\\Local\\Temp\\anonymous3058980383962080476webdriver-profile\\extensions\\fxdriver@googlecode.com","e":true,"v":"2.44.0","st":1456943934910,"mt":1456943934620}},"app-global":{"{972ce4c6-7e08-4474-a285-3208198ce6fd}":{"d":"C:\\Program Files (x86)\\Mozilla Firefox\\browser\\extensions\\{972ce4c6-7e08-4474-a285-3208198ce6fd}","e":true,"v":"37.0.2","st":1431254473947,"mt":1431254473639}}}
1456943941385	addons.xpi	DEBUG	getModTime: Recursive scan of fxdriver@googlecode.com
1456943941418	addons.xpi	DEBUG	getModTime: Recursive scan of {972ce4c6-7e08-4474-a285-3208198ce6fd}
1456943941420	addons.xpi	DEBUG	getInstallState changed: false, state: {"app-profile":{"fxdriver@googlecode.com":{"d":"C:\\Users\\KRISHN~1\\AppData\\Local\\Temp\\anonymous3058980383962080476webdriver-profile\\extensions\\fxdriver@googlecode.com","e":true,"v":"2.44.0","st":1456943934910,"mt":1456943934620}},"app-global":{"{972ce4c6-7e08-4474-a285-3208198ce6fd}":{"d":"C:\\Program Files (x86)\\Mozilla Firefox\\browser\\extensions\\{972ce4c6-7e08-4474-a285-3208198ce6fd}","e":true,"v":"37.0.2","st":1431254473947,"mt":1431254473639}}}
1456943941424	addons.xpi	DEBUG	No changes found
1456943941432	addons.manager	DEBUG	Registering shutdown blocker for XPIProvider
1456943941433	addons.manager	DEBUG	Registering shutdown blocker for LightweightThemeManager
1456943941437	addons.manager	DEBUG	Registering shutdown blocker for GMPProvider
1456943941438	addons.manager	DEBUG	Registering shutdown blocker for PluginProvider
JavaScript error: file:///C:/Users/KRISHN~1/AppData/Local/Temp/anonymous3058980383962080476webdriver-profile/extensions/fxdriver@googlecode.com/components/driver-component.js, line 11487: TypeError: this.server_ is undefined
JavaScript error: chrome://fxdriver/content/server.js, line 38: NS_ERROR_XPC_CI_RETURNED_FAILURE: Component returned failure code: 0x80570015 (NS_ERROR_XPC_CI_RETURNED_FAILURE) [nsIJSCID.createInstance]
*** Blocklist::_preloadBlocklistFile: blocklist is disabled
1456943944705	addons.manager	DEBUG	Registering shutdown blocker for <unnamed-provider>
1456943959508	addons.manager	DEBUG	shutdown
1456943959510	addons.manager	DEBUG	Calling shutdown blocker for XPIProvider
1456943959510	addons.xpi	DEBUG	shutdown
1456943959511	addons.xpi	DEBUG	Notifying XPI shutdown observers
1456943959513	addons.manager	DEBUG	Calling shutdown blocker for LightweightThemeManager
1456943959514	addons.manager	DEBUG	Calling shutdown blocker for GMPProvider
1456943959517	addons.manager	DEBUG	Calling shutdown blocker for PluginProvider
1456943959518	addons.manager	DEBUG	Calling shutdown blocker for <unnamed-provider>
1456943959534	addons.manager	DEBUG	Async provider shutdown done

Build info: version: '2.44.0', revision: '76d78cf323ce037c5f92db6c1bba601c2ac43ad8', time: '2014-10-23 13:11:40'
System info: host: 'KrishnaRao-PC', ip: '192.168.43.134', os.name: 'Windows 7', os.arch: 'amd64', os.version: '6.1', java.version: '1.8.0_65'
Driver info: driver.version: FirefoxDriver
	at org.openqa.selenium.firefox.internal.NewProfileExtensionConnection.start(NewProfileExtensionConnection.java:130)
	at org.openqa.selenium.firefox.FirefoxDriver.startClient(FirefoxDriver.java:246)
	at org.openqa.selenium.remote.RemoteWebDriver.<init>(RemoteWebDriver.java:114)
	at org.openqa.selenium.firefox.FirefoxDriver.<init>(FirefoxDriver.java:191)
	at org.openqa.selenium.firefox.FirefoxDriver.<init>(FirefoxDriver.java:186)
	at org.openqa.selenium.firefox.FirefoxDriver.<init>(FirefoxDriver.java:103)
	at utils.BaseTest.setUp(BaseTest.java:35)
	at java.util.concurrent.FutureTask.run(FutureTask.java:266)
	at java.util.concurrent.ThreadPoolExecutor.runWorker(ThreadPoolExecutor.java:1142)
	at java.util.concurrent.ThreadPoolExecutor$Worker.run(ThreadPoolExecutor.java:617)
	at java.lang.Thread.run(Thread.java:745)
Caused by: org.openqa.selenium.firefox.NotConnectedException: Unable to connect to host 127.0.0.1 on port 7056 after 45000 ms. Firefox console output:
 schema version preference to 16
1456943939726	addons.xpi	DEBUG	Notifying XPI shutdown observers
1456943939734	addons.manager	DEBUG	Async provider shutdown done
1456943941362	addons.manager	DEBUG	Loaded provider scope for resource://gre/modules/addons/XPIProvider.jsm: ["XPIProvider"]
1456943941366	addons.manager	DEBUG	Loaded provider scope for resource://gre/modules/LightweightThemeManager.jsm: ["LightweightThemeManager"]
1456943941372	addons.xpi	DEBUG	startup
1456943941376	addons.xpi	INFO	Mapping fxdriver@googlecode.com to C:\Users\KRISHN~1\AppData\Local\Temp\anonymous3058980383962080476webdriver-profile\extensions\fxdriver@googlecode.com
1456943941377	addons.xpi	DEBUG	Ignoring file entry whose name is not a valid add-on ID: C:\Users\KRISHN~1\AppData\Local\Temp\anonymous3058980383962080476webdriver-profile\extensions\webdriver-staging
1456943941379	addons.xpi	INFO	Mapping {972ce4c6-7e08-4474-a285-3208198ce6fd} to C:\Program Files (x86)\Mozilla Firefox\browser\extensions\{972ce4c6-7e08-4474-a285-3208198ce6fd}
1456943941380	addons.xpi	DEBUG	Skipping unavailable install location app-system-share
1456943941380	addons.xpi	DEBUG	Skipping unavailable install location app-system-local
1456943941381	addons.xpi	DEBUG	checkForChanges
1456943941383	addons.xpi	DEBUG	Loaded add-on state from prefs: {"app-profile":{"fxdriver@googlecode.com":{"d":"C:\\Users\\KRISHN~1\\AppData\\Local\\Temp\\anonymous3058980383962080476webdriver-profile\\extensions\\fxdriver@googlecode.com","e":true,"v":"2.44.0","st":1456943934910,"mt":1456943934620}},"app-global":{"{972ce4c6-7e08-4474-a285-3208198ce6fd}":{"d":"C:\\Program Files (x86)\\Mozilla Firefox\\browser\\extensions\\{972ce4c6-7e08-4474-a285-3208198ce6fd}","e":true,"v":"37.0.2","st":1431254473947,"mt":1431254473639}}}
1456943941385	addons.xpi	DEBUG	getModTime: Recursive scan of fxdriver@googlecode.com
1456943941418	addons.xpi	DEBUG	getModTime: Recursive scan of {972ce4c6-7e08-4474-a285-3208198ce6fd}
1456943941420	addons.xpi	DEBUG	getInstallState changed: false, state: {"app-profile":{"fxdriver@googlecode.com":{"d":"C:\\Users\\KRISHN~1\\AppData\\Local\\Temp\\anonymous3058980383962080476webdriver-profile\\extensions\\fxdriver@googlecode.com","e":true,"v":"2.44.0","st":1456943934910,"mt":1456943934620}},"app-global":{"{972ce4c6-7e08-4474-a285-3208198ce6fd}":{"d":"C:\\Program Files (x86)\\Mozilla Firefox\\browser\\extensions\\{972ce4c6-7e08-4474-a285-3208198ce6fd}","e":true,"v":"37.0.2","st":1431254473947,"mt":1431254473639}}}
1456943941424	addons.xpi	DEBUG	No changes found
1456943941432	addons.manager	DEBUG	Registering shutdown blocker for XPIProvider
1456943941433	addons.manager	DEBUG	Registering shutdown blocker for LightweightThemeManager
1456943941437	addons.manager	DEBUG	Registering shutdown blocker for GMPProvider
1456943941438	addons.manager	DEBUG	Registering shutdown blocker for PluginProvider
JavaScript error: file:///C:/Users/KRISHN~1/AppData/Local/Temp/anonymous3058980383962080476webdriver-profile/extensions/fxdriver@googlecode.com/components/driver-component.js, line 11487: TypeError: this.server_ is undefined
JavaScript error: chrome://fxdriver/content/server.js, line 38: NS_ERROR_XPC_CI_RETURNED_FAILURE: Component returned failure code: 0x80570015 (NS_ERROR_XPC_CI_RETURNED_FAILURE) [nsIJSCID.createInstance]
*** Blocklist::_preloadBlocklistFile: blocklist is disabled
1456943944705	addons.manager	DEBUG	Registering shutdown blocker for <unnamed-provider>
1456943959508	addons.manager	DEBUG	shutdown
1456943959510	addons.manager	DEBUG	Calling shutdown blocker for XPIProvider
1456943959510	addons.xpi	DEBUG	shutdown
1456943959511	addons.xpi	DEBUG	Notifying XPI shutdown observers
1456943959513	addons.manager	DEBUG	Calling shutdown blocker for LightweightThemeManager
1456943959514	addons.manager	DEBUG	Calling shutdown blocker for GMPProvider
1456943959517	addons.manager	DEBUG	Calling shutdown blocker for PluginProvider
1456943959518	addons.manager	DEBUG	Calling shutdown blocker for <unnamed-provider>
1456943959534	addons.manager	DEBUG	Async provider shutdown done

	at org.openqa.selenium.firefox.internal.NewProfileExtensionConnection.start(NewProfileExtensionConnection.java:118)
	... 24 more
... Removed 14 stack frames]]>
    </failure>
  </testcase> <!-- @BeforeTest setUp -->
  <testcase name="@AfterTest tearDown" time="0.0" classname="uitests.SampleTestClass">
    <failure type="java.lang.NullPointerException">
      <![CDATA[java.lang.NullPointerException
	at utils.BaseTest.tearDown(BaseTest.java:44)
	at java.util.concurrent.FutureTask.run(FutureTask.java:266)
	at java.util.concurrent.ThreadPoolExecutor.runWorker(ThreadPoolExecutor.java:1142)
	at java.util.concurrent.ThreadPoolExecutor$Worker.run(ThreadPoolExecutor.java:617)
	at java.lang.Thread.run(Thread.java:745)
... Removed 14 stack frames]]>
    </failure>
  </testcase> <!-- @AfterTest tearDown -->
  <testcase name="testMethod on [SampleTestClass passed=0 failed=0 skipped=0]" time="0.01" classname="uitests.SampleTestClass">
    <failure type="java.lang.NullPointerException">
      <![CDATA[java.lang.NullPointerException
	at com.google.common.base.Preconditions.checkNotNull(Preconditions.java:191)
	at org.openqa.selenium.support.ui.FluentWait.<init>(FluentWait.java:94)
	at org.openqa.selenium.support.ui.WebDriverWait.<init>(WebDriverWait.java:70)
	at org.openqa.selenium.support.ui.WebDriverWait.<init>(WebDriverWait.java:44)
	at uitests.SampleTestClass.testMethod(SampleTestClass.java:20)
	at java.util.concurrent.FutureTask.run(FutureTask.java:266)
	at java.util.concurrent.ThreadPoolExecutor.runWorker(ThreadPoolExecutor.java:1142)
	at java.util.concurrent.ThreadPoolExecutor$Worker.run(ThreadPoolExecutor.java:617)
	at java.lang.Thread.run(Thread.java:745)
... Removed 16 stack frames]]>
    </failure>
  </testcase> <!-- testMethod on [SampleTestClass passed=0 failed=0 skipped=0] -->
</testsuite> <!-- Sample Test Class Windows7 Firefox 37.0.2 -->
