<?xml version="1.0" encoding="UTF-8"?>
<testng-results ignored="0" total="1" passed="1" failed="0" skipped="0">
  <reporter-output>
    <line>
      <![CDATA[username is Entered]]>
    </line>
    <line>
      <![CDATA[password is Entered]]>
    </line>
    <line>
      <![CDATA[Clicked on Location]]>
    </line>
    <line>
      <![CDATA[Hospital branches available in 4 Locations]]>
    </line>
    <line>
      <![CDATA[Bogulkunta Location is selected ]]>
    </line>
    <line>
      <![CDATA[Select Location]]>
    </line>
    <line>
      <![CDATA[Banjara Hills]]>
    </line>
    <line>
      <![CDATA[Bogulkunta]]>
    </line>
    <line>
      <![CDATA[Hyderguda]]>
    </line>
  </reporter-output>
  <suite started-at="2023-11-10T22:09:32 IST" name="Default suite" finished-at="2023-11-10T22:10:56 IST" duration-ms="84124">
    <groups>
    </groups>
    <test started-at="2023-11-10T22:09:32 IST" name="Default test" finished-at="2023-11-10T22:10:56 IST" duration-ms="84124">
      <class name="uitests.LoginTest">
        <test-method is-config="true" signature="setUp()[pri:0, instance:[LoginTest passed=0 failed=0 skipped=0]]" started-at="2023-11-10T22:09:32 IST" name="setUp" finished-at="2023-11-10T22:10:40 IST" duration-ms="68687" status="PASS">
          <reporter-output>
          </reporter-output>
        </test-method> <!-- setUp -->
        <test-method signature="loginMethod()[pri:0, instance:[LoginTest passed=0 failed=0 skipped=0]]" started-at="2023-11-10T22:10:40 IST" name="loginMethod" finished-at="2023-11-10T22:10:55 IST" duration-ms="14146" status="PASS">
          <reporter-output>
            <line>
              <![CDATA[username is Entered]]>
            </line>
            <line>
              <![CDATA[password is Entered]]>
            </line>
            <line>
              <![CDATA[Clicked on Location]]>
            </line>
            <line>
              <![CDATA[Hospital branches available in 4 Locations]]>
            </line>
            <line>
              <![CDATA[Bogulkunta Location is selected ]]>
            </line>
            <line>
              <![CDATA[Select Location]]>
            </line>
            <line>
              <![CDATA[Banjara Hills]]>
            </line>
            <line>
              <![CDATA[Bogulkunta]]>
            </line>
            <line>
              <![CDATA[Hyderguda]]>
            </line>
          </reporter-output>
        </test-method> <!-- loginMethod -->
        <test-method is-config="true" signature="tearDown()[pri:0, instance:[LoginTest passed=0 failed=0 skipped=0]]" started-at="2023-11-10T22:10:55 IST" name="tearDown" finished-at="2023-11-10T22:10:56 IST" duration-ms="1090" status="PASS">
          <reporter-output>
          </reporter-output>
        </test-method> <!-- tearDown -->
      </class> <!-- uitests.LoginTest -->
    </test> <!-- Default test -->
  </suite> <!-- Default suite -->
</testng-results>
